{
    "Body": {
        "stkCallback": {
            "ResultCode": 1,
            "ResultDesc": "The balance is insufficient for the transaction"
        }
    }
}

{
    "invalid": "data"
}

{
    "Body": {
        "stkCallback": {
            "CallbackMetadata": {
                "Item": [
                    {
                        "Name": "Amount",
                        "Value": 1.0
                    },
                    {
                        "Name": "MpesaReceiptNumber",
                        "Value": "TEST123456"
                    },
                    {
                        "Name": "PhoneNumber",
                        "Value": "254712345678"
                    }
                ]
            },
            "ResultCode": 0,
            "ResultDesc": "The service request has been accepted successfully"
        }
    }
}

